# JRE version: OpenJDK Runtime Environment (8.0_76-b03) (build 1.8.0_76-release-b03)
# Java VM: OpenJDK 64-Bit Server VM (25.76-b03 mixed mode windows-amd64 compressed oops)
Heap:
 PSYoungGen      total 475136K, used 446363K [0x00000000e0000000, 0x0000000100000000, 0x0000000100000000)
  eden space 432128K, 95% used [0x00000000e0000000,0x00000000f9476d30,0x00000000fa600000)
  from space 43008K, 74% used [0x00000000fd600000,0x00000000ff5701c0,0x0000000100000000)
  to   space 46080K, 0% used [0x00000000fa600000,0x00000000fa600000,0x00000000fd300000)
 ParOldGen       total 162816K, used 86052K [0x00000000a0000000, 0x00000000a9f00000, 0x00000000e0000000)
  object space 162816K, 52% used [0x00000000a0000000,0x00000000a5409290,0x00000000a9f00000)
 Metaspace       used 70599K, capacity 72840K, committed 75440K, reserved 1114112K
  class space    used 8882K, capacity 9249K, committed 9904K, reserved 1048576K
GC Heap History (10 events):
Event: 11255.607 GC heap before
{Heap before GC invocations=17 (full 4):
 PSYoungGen      total 499200K, used 489895K [0x00000000e0000000, 0x00000000ffe00000, 0x0000000100000000)
  eden space 477184K, 100% used [0x00000000e0000000,0x00000000fd200000,0x00000000fd200000)
  from space 22016K, 57% used [0x00000000fe880000,0x00000000ff4e9c80,0x00000000ffe00000)
  to   space 22528K, 0% used [0x00000000fd200000,0x00000000fd200000,0x00000000fe800000)
 ParOldGen       total 73216K, used 43645K [0x00000000a0000000, 0x00000000a4780000, 0x00000000e0000000)
  object space 73216K, 59% used [0x00000000a0000000,0x00000000a2a9f6a0,0x00000000a4780000)
 Metaspace       used 62356K, capacity 65080K, committed 65328K, reserved 1105920K
  class space    used 8168K, capacity 8706K, committed 8752K, reserved 1048576K
Event: 11255.658 GC heap after
Heap after GC invocations=17 (full 4):
 PSYoungGen      total 478208K, used 22496K [0x00000000e0000000, 0x00000000ff700000, 0x0000000100000000)
  eden space 455680K, 0% used [0x00000000e0000000,0x00000000e0000000,0x00000000fbd00000)
  from space 22528K, 99% used [0x00000000fd200000,0x00000000fe7f8218,0x00000000fe800000)
  to   space 15360K, 0% used [0x00000000fe800000,0x00000000fe800000,0x00000000ff700000)
 ParOldGen       total 73216K, used 54104K [0x00000000a0000000, 0x00000000a4780000, 0x00000000e0000000)
  object space 73216K, 73% used [0x00000000a0000000,0x00000000a34d6358,0x00000000a4780000)
 Metaspace       used 62356K, capacity 65080K, committed 65328K, reserved 1105920K
  class space    used 8168K, capacity 8706K, committed 8752K, reserved 1048576K
}
Event: 11264.367 GC heap before
{Heap before GC invocations=18 (full 4):
 PSYoungGen      total 478208K, used 478176K [0x00000000e0000000, 0x00000000ff700000, 0x0000000100000000)
  eden space 455680K, 100% used [0x00000000e0000000,0x00000000fbd00000,0x00000000fbd00000)
  from space 22528K, 99% used [0x00000000fd200000,0x00000000fe7f8218,0x00000000fe800000)
  to   space 15360K, 0% used [0x00000000fe800000,0x00000000fe800000,0x00000000ff700000)
 ParOldGen       total 73216K, used 54104K [0x00000000a0000000, 0x00000000a4780000, 0x00000000e0000000)
  object space 73216K, 73% used [0x00000000a0000000,0x00000000a34d6358,0x00000000a4780000)
 Metaspace       used 69029K, capacity 72044K, committed 72368K, reserved 1112064K
  class space    used 8988K, capacity 9546K, committed 9648K, reserved 1048576K
Event: 11264.446 GC heap after
Heap after GC invocations=18 (full 4):
 PSYoungGen      total 443392K, used 7739K [0x00000000e0000000, 0x00000000ff000000, 0x0000000100000000)
  eden space 435200K, 0% used [0x00000000e0000000,0x00000000e0000000,0x00000000fa900000)
  from space 8192K, 94% used [0x00000000fe800000,0x00000000fef8ec00,0x00000000ff000000)
  to   space 29184K, 0% used [0x00000000fb700000,0x00000000fb700000,0x00000000fd380000)
 ParOldGen       total 73216K, used 58025K [0x00000000a0000000, 0x00000000a4780000, 0x00000000e0000000)
  object space 73216K, 79% used [0x00000000a0000000,0x00000000a38aa490,0x00000000a4780000)
 Metaspace       used 69029K, capacity 72044K, committed 72368K, reserved 1112064K
  class space    used 8988K, capacity 9546K, committed 9648K, reserved 1048576K
}
Event: 11267.629 GC heap before
{Heap before GC invocations=19 (full 4):
 PSYoungGen      total 443392K, used 442939K [0x00000000e0000000, 0x00000000ff000000, 0x0000000100000000)
  eden space 435200K, 100% used [0x00000000e0000000,0x00000000fa900000,0x00000000fa900000)
  from space 8192K, 94% used [0x00000000fe800000,0x00000000fef8ec00,0x00000000ff000000)
  to   space 29184K, 0% used [0x00000000fb700000,0x00000000fb700000,0x00000000fd380000)
 ParOldGen       total 73216K, used 58025K [0x00000000a0000000, 0x00000000a4780000, 0x00000000e0000000)
  object space 73216K, 79% used [0x00000000a0000000,0x00000000a38aa490,0x00000000a4780000)
 Metaspace       used 72308K, capacity 75328K, committed 75440K, reserved 1114112K
  class space    used 9259K, capacity 9846K, committed 9904K, reserved 1048576K
Event: 11267.712 GC heap after
Heap after GC invocations=19 (full 4):
 PSYoungGen      total 478720K, used 29183K [0x00000000e0000000, 0x0000000100000000, 0x0000000100000000)
  eden space 449536K, 0% used [0x00000000e0000000,0x00000000e0000000,0x00000000fb700000)
  from space 29184K, 99% used [0x00000000fb700000,0x00000000fd37fdf0,0x00000000fd380000)
  to   space 43008K, 0% used [0x00000000fd600000,0x00000000fd600000,0x0000000100000000)
 ParOldGen       total 84992K, used 84947K [0x00000000a0000000, 0x00000000a5300000, 0x00000000e0000000)
  object space 84992K, 99% used [0x00000000a0000000,0x00000000a52f4e58,0x00000000a5300000)
 Metaspace       used 72308K, capacity 75328K, committed 75440K, reserved 1114112K
  class space    used 9259K, capacity 9846K, committed 9904K, reserved 1048576K
}
Event: 11267.712 GC heap before
{Heap before GC invocations=20 (full 5):
 PSYoungGen      total 478720K, used 29183K [0x00000000e0000000, 0x0000000100000000, 0x0000000100000000)
  eden space 449536K, 0% used [0x00000000e0000000,0x00000000e0000000,0x00000000fb700000)
  from space 29184K, 99% used [0x00000000fb700000,0x00000000fd37fdf0,0x00000000fd380000)
  to   space 43008K, 0% used [0x00000000fd600000,0x00000000fd600000,0x0000000100000000)
 ParOldGen       total 84992K, used 84947K [0x00000000a0000000, 0x00000000a5300000, 0x00000000e0000000)
  object space 84992K, 99% used [0x00000000a0000000,0x00000000a52f4e58,0x00000000a5300000)
 Metaspace       used 72308K, capacity 75328K, committed 75440K, reserved 1114112K
  class space    used 9259K, capacity 9846K, committed 9904K, reserved 1048576K
Event: 11268.360 GC heap after
Heap after GC invocations=20 (full 5):
 PSYoungGen      total 478720K, used 2040K [0x00000000e0000000, 0x0000000100000000, 0x0000000100000000)
  eden space 449536K, 0% used [0x00000000e0000000,0x00000000e0000000,0x00000000fb700000)
  from space 29184K, 6% used [0x00000000fb700000,0x00000000fb8fe110,0x00000000fd380000)
  to   space 43008K, 0% used [0x00000000fd600000,0x00000000fd600000,0x0000000100000000)
 ParOldGen       total 162816K, used 84660K [0x00000000a0000000, 0x00000000a9f00000, 0x00000000e0000000)
  object space 162816K, 51% used [0x00000000a0000000,0x00000000a52ad290,0x00000000a9f00000)
 Metaspace       used 70424K, capacity 72648K, committed 75440K, reserved 1114112K
  class space    used 8880K, capacity 9249K, committed 9904K, reserved 1048576K
}
Event: 11270.499 GC heap before
{Heap before GC invocations=21 (full 5):
 PSYoungGen      total 478720K, used 451576K [0x00000000e0000000, 0x0000000100000000, 0x0000000100000000)
  eden space 449536K, 100% used [0x00000000e0000000,0x00000000fb700000,0x00000000fb700000)
  from space 29184K, 6% used [0x00000000fb700000,0x00000000fb8fe110,0x00000000fd380000)
  to   space 43008K, 0% used [0x00000000fd600000,0x00000000fd600000,0x0000000100000000)
 ParOldGen       total 162816K, used 84660K [0x00000000a0000000, 0x00000000a9f00000, 0x00000000e0000000)
  object space 162816K, 51% used [0x00000000a0000000,0x00000000a52ad290,0x00000000a9f00000)
 Metaspace       used 70583K, capacity 72840K, committed 75440K, reserved 1114112K
  class space    used 8882K, capacity 9249K, committed 9904K, reserved 1048576K
Event: 11270.591 GC heap after
Heap after GC invocations=21 (full 5):
 PSYoungGen      total 475136K, used 32192K [0x00000000e0000000, 0x0000000100000000, 0x0000000100000000)
  eden space 432128K, 0% used [0x00000000e0000000,0x00000000e0000000,0x00000000fa600000)
  from space 43008K, 74% used [0x00000000fd600000,0x00000000ff5701c0,0x0000000100000000)
  to   space 46080K, 0% used [0x00000000fa600000,0x00000000fa600000,0x00000000fd300000)
 ParOldGen       total 162816K, used 86052K [0x00000000a0000000, 0x00000000a9f00000, 0x00000000e0000000)
  object space 162816K, 52% used [0x00000000a0000000,0x00000000a5409290,0x00000000a9f00000)
 Metaspace       used 70583K, capacity 72840K, committed 75440K, reserved 1114112K
  class space    used 8882K, capacity 9249K, committed 9904K, reserved 1048576K
}

